05/04/2026 13:41:11 passing arg to libvncserver: -rfbport
05/04/2026 13:41:11 passing arg to libvncserver: 5900
05/04/2026 13:41:11 x11vnc version: 0.9.16 lastmod: 2019-01-05  pid: 5653
05/04/2026 13:41:11 Using X display :99
05/04/2026 13:41:11 rootwin: 0x21f reswin: 0x200001 dpy: 0xa5f1f410
05/04/2026 13:41:11 
05/04/2026 13:41:11 ------------------ USEFUL INFORMATION ------------------
05/04/2026 13:41:11 X DAMAGE available on display, using it for polling hints.
05/04/2026 13:41:11   To disable this behavior use: '-noxdamage'
05/04/2026 13:41:11 
05/04/2026 13:41:11   Most compositing window managers like 'compiz' or 'beryl'
05/04/2026 13:41:11   cause X DAMAGE to fail, and so you may not see any screen
05/04/2026 13:41:11   updates via VNC.  Either disable 'compiz' (recommended) or
05/04/2026 13:41:11   supply the x11vnc '-noxdamage' command line option.
05/04/2026 13:41:11 
05/04/2026 13:41:11 Wireframing: -wireframe mode is in effect for window moves.
05/04/2026 13:41:11   If this yields undesired behavior (poor response, painting
05/04/2026 13:41:11   errors, etc) it may be disabled:
05/04/2026 13:41:11    - use '-nowf' to disable wireframing completely.
05/04/2026 13:41:11    - use '-nowcr' to disable the Copy Rectangle after the
05/04/2026 13:41:11      moved window is released in the new position.
05/04/2026 13:41:11   Also see the -help entry for tuning parameters.
05/04/2026 13:41:11   You can press 3 Alt_L's (Left "Alt" key) in a row to 
05/04/2026 13:41:11   repaint the screen, also see the -fixscreen option for
05/04/2026 13:41:11   periodic repaints.
05/04/2026 13:41:11 
05/04/2026 13:41:11 XFIXES available on display, resetting cursor mode
05/04/2026 13:41:11   to: '-cursor most'.
05/04/2026 13:41:11   to disable this behavior use: '-cursor arrow'
05/04/2026 13:41:11   or '-noxfixes'.
05/04/2026 13:41:11 using XFIXES for cursor drawing.
05/04/2026 13:41:11 GrabServer control via XTEST.
05/04/2026 13:41:11 
05/04/2026 13:41:11 Scroll Detection: -scrollcopyrect mode is in effect to
05/04/2026 13:41:11   use RECORD extension to try to detect scrolling windows
05/04/2026 13:41:11   (induced by either user keystroke or mouse input).
05/04/2026 13:41:11   If this yields undesired behavior (poor response, painting
05/04/2026 13:41:11   errors, etc) it may be disabled via: '-noscr'
05/04/2026 13:41:11   Also see the -help entry for tuning parameters.
05/04/2026 13:41:11   You can press 3 Alt_L's (Left "Alt" key) in a row to 
05/04/2026 13:41:11   repaint the screen, also see the -fixscreen option for
05/04/2026 13:41:11   periodic repaints.
05/04/2026 13:41:11 
05/04/2026 13:41:11 XKEYBOARD: number of keysyms per keycode 7 is greater
05/04/2026 13:41:11   than 4 and 51 keysyms are mapped above 4.
05/04/2026 13:41:11   Automatically switching to -xkb mode.
05/04/2026 13:41:11   If this makes the key mapping worse you can
05/04/2026 13:41:11   disable it with the "-noxkb" option.
05/04/2026 13:41:11   Also, remember "-remap DEAD" for accenting characters.
05/04/2026 13:41:11 
05/04/2026 13:41:11 X FBPM extension not supported.
Xlib:  extension "DPMS" missing on display ":99".
05/04/2026 13:41:11 X display is not capable of DPMS.
05/04/2026 13:41:11 --------------------------------------------------------
05/04/2026 13:41:11 
05/04/2026 13:41:11 Default visual ID: 0x21
05/04/2026 13:41:11 Read initial data from X display into framebuffer.
05/04/2026 13:41:11 initialize_screen: fb_depth/fb_bpp/fb_Bpl 24/32/5760
05/04/2026 13:41:11 
05/04/2026 13:41:11 X display :99 is 32bpp depth=24 true color
05/04/2026 13:41:11 
05/04/2026 13:41:11 Listening for VNC connections on TCP port 5900
05/04/2026 13:41:11 Listening for VNC connections on TCP6 port 5900
05/04/2026 13:41:11 listen6: bind: Address already in use
05/04/2026 13:41:11 Not listening on IPv6 interface.
05/04/2026 13:41:11 
05/04/2026 13:41:11 Xinerama is present and active (e.g. multi-head).
05/04/2026 13:41:11 Xinerama: number of sub-screens: 1
05/04/2026 13:41:11 Xinerama: no blackouts needed (only one sub-screen)
05/04/2026 13:41:11 
05/04/2026 13:41:11 fb read rate: 828 MB/sec
05/04/2026 13:41:11 fast read: reset -wait  ms to: 10
05/04/2026 13:41:11 fast read: reset -defer ms to: 10
05/04/2026 13:41:11 The X server says there are 10 mouse buttons.
05/04/2026 13:41:11 screen setup finished.
05/04/2026 13:41:11 

The VNC desktop is:      codespaces-17236d:0
PORT=5900

******************************************************************************
Have you tried the x11vnc '-ncache' VNC client-side pixel caching feature yet?

The scheme stores pixel data offscreen on the VNC viewer side for faster
retrieval.  It should work with any VNC viewer.  Try it by running:

    x11vnc -ncache 10 ...

One can also add -ncache_cr for smooth 'copyrect' window motion.
More info: http://www.karlrunge.com/x11vnc/faq.html#faq-client-caching

